<?xml version="1.0" encoding="UTF-8"?>
<robot generator="Robot 4.0.3 (Python 3.9.6 on win32)" generated="20210708 22:46:43.543" rpa="false" schemaversion="2">
<suite id="s1" name="TestSitePratice" source="C:\Users\Lucas\Documents\Projetos\robotframework-study\SuitSiteTestPratice\tests\TestSitePratice.robot">
<test id="s1-t1" name="Caso de Teste 01: pesquisar produto existente;">
<kw name="Abrir navegador" library="Resource" type="SETUP">
<kw name="Open Browser" library="SeleniumLibrary">
<arg>about:blank</arg>
<arg>${BROWSER}</arg>
<doc>Opens a new browser instance to the optional ``url``.</doc>
<msg timestamp="20210708 22:46:43.884" level="INFO">Opening browser 'firefox' to base url 'about:blank'.</msg>
<msg timestamp="20210708 22:46:43.886" level="INFO">Firefox driver log is always forced to to: C:\Users\Lucas\Documents\Projetos\robotframework-study\SuitSiteTestPratice\results\geckodriver-9.log</msg>
<status status="PASS" starttime="20210708 22:46:43.884" endtime="20210708 22:46:50.790"/>
</kw>
<status status="PASS" starttime="20210708 22:46:43.883" endtime="20210708 22:46:50.791"/>
</kw>
<kw name="Acessar a pagina home do site" library="Resource">
<kw name="Go To" library="SeleniumLibrary">
<arg>http://automationpractice.com</arg>
<doc>Navigates the current browser window to the provided ``url``.</doc>
<msg timestamp="20210708 22:46:50.793" level="INFO">Opening url 'http://automationpractice.com'</msg>
<status status="PASS" starttime="20210708 22:46:50.792" endtime="20210708 22:46:56.084"/>
</kw>
<kw name="Title Should Be" library="SeleniumLibrary">
<arg>My Store</arg>
<doc>Verifies that the current page title equals ``title``.</doc>
<msg timestamp="20210708 22:46:56.089" level="INFO">Page title is 'My Store'.</msg>
<status status="PASS" starttime="20210708 22:46:56.084" endtime="20210708 22:46:56.089"/>
</kw>
<status status="PASS" starttime="20210708 22:46:50.792" endtime="20210708 22:46:56.089"/>
</kw>
<kw name="Fechar navegador" library="Resource" type="TEARDOWN">
<kw name="Close Browser" library="SeleniumLibrary">
<doc>Closes the current browser.</doc>
<status status="PASS" starttime="20210708 22:46:56.091" endtime="20210708 22:46:57.078"/>
</kw>
<status status="PASS" starttime="20210708 22:46:56.090" endtime="20210708 22:46:57.078"/>
</kw>
<status status="PASS" starttime="20210708 22:46:43.882" endtime="20210708 22:46:57.078"/>
</test>
<status status="PASS" starttime="20210708 22:46:43.545" endtime="20210708 22:46:57.080"/>
</suite>
<statistics>
<total>
<stat pass="1" fail="0" skip="0">All Tests</stat>
</total>
<tag>
</tag>
<suite>
<stat pass="1" fail="0" skip="0" id="s1" name="TestSitePratice">TestSitePratice</stat>
</suite>
</statistics>
<errors>
</errors>
</robot>
