<?xml version="1.0" encoding="UTF-8"?>
<robot generator="Robot 4.0.3 (Python 3.9.6 on win32)" generated="20210709 09:39:41.804" rpa="false" schemaversion="2">
<suite id="s1" name="TestSitePratice" source="C:\Projetos\robotframework-study\SuitSiteTestPratice\tests\TestSitePratice.robot">
<test id="s1-t1" name="Caso de Teste 01: pesquisar produto existente;">
<kw name="Abrir navegador" library="Resource" type="SETUP">
<kw name="Open Browser" library="SeleniumLibrary">
<arg>about:blank</arg>
<arg>${BROWSER}</arg>
<doc>Opens a new browser instance to the optional ``url``.</doc>
<msg timestamp="20210709 09:39:42.275" level="INFO">Opening browser 'firefox' to base url 'about:blank'.</msg>
<msg timestamp="20210709 09:39:42.279" level="INFO">Firefox driver log is always forced to to: C:\Projetos\robotframework-study\SuitSiteTestPratice\results\geckodriver-13.log</msg>
<status status="PASS" starttime="20210709 09:39:42.274" endtime="20210709 09:39:49.384"/>
</kw>
<status status="PASS" starttime="20210709 09:39:42.273" endtime="20210709 09:39:49.384"/>
</kw>
<kw name="Acessar a pagina home do site" library="Resource">
<kw name="Go To" library="SeleniumLibrary">
<arg>http://automationpractice.com</arg>
<doc>Navigates the current browser window to the provided ``url``.</doc>
<msg timestamp="20210709 09:39:49.392" level="INFO">Opening url 'http://automationpractice.com'</msg>
<status status="PASS" starttime="20210709 09:39:49.392" endtime="20210709 09:40:01.374"/>
</kw>
<kw name="Title Should Be" library="SeleniumLibrary">
<arg>My Store</arg>
<doc>Verifies that the current page title equals ``title``.</doc>
<msg timestamp="20210709 09:40:01.393" level="INFO">Page title is 'My Store'.</msg>
<status status="PASS" starttime="20210709 09:40:01.374" endtime="20210709 09:40:01.393"/>
</kw>
<status status="PASS" starttime="20210709 09:39:49.384" endtime="20210709 09:40:01.394"/>
</kw>
<kw name="No campo de pesquisa de itens digitar &quot;Blouse&quot;" library="Resource" sourcename="No campo de pesquisa de itens digitar &quot;${PRODUTO}&quot;">
<kw name="Input Text" library="SeleniumLibrary">
<arg>name=search_query</arg>
<arg>${PRODUTO}</arg>
<doc>Types the given ``text`` into the text field identified by ``locator``.</doc>
<msg timestamp="20210709 09:40:01.397" level="INFO">Typing text 'Blouse' into text field 'name=search_query'.</msg>
<status status="PASS" starttime="20210709 09:40:01.396" endtime="20210709 09:40:01.602"/>
</kw>
<status status="PASS" starttime="20210709 09:40:01.395" endtime="20210709 09:40:01.602"/>
</kw>
<kw name="Clicar no botão pesquisar" library="Resource">
<kw name="Click Element" library="SeleniumLibrary">
<arg>name=submit_search</arg>
<doc>Click the element identified by ``locator``.</doc>
<msg timestamp="20210709 09:40:01.607" level="INFO">Clicking element 'name=submit_search'.</msg>
<status status="PASS" starttime="20210709 09:40:01.606" endtime="20210709 09:40:05.775"/>
</kw>
<status status="PASS" starttime="20210709 09:40:01.605" endtime="20210709 09:40:05.775"/>
</kw>
<kw name="Verificar se o produto &quot;Blouse&quot; foi encontrado" library="Resource" sourcename="Verificar se o produto &quot;${PRODUTO}&quot; foi encontrado">
<kw name="Wait Until Element Is Visible" library="SeleniumLibrary">
<arg>xpath=//*[@id="center_column"]/h1</arg>
<doc>Waits until the element ``locator`` is visible.</doc>
<status status="PASS" starttime="20210709 09:40:05.791" endtime="20210709 09:40:05.901"/>
</kw>
<kw name="Title Should Be" library="SeleniumLibrary">
<arg>Search - My Store</arg>
<doc>Verifies that the current page title equals ``title``.</doc>
<msg timestamp="20210709 09:40:05.901" level="INFO">Page title is 'Search - My Store'.</msg>
<status status="PASS" starttime="20210709 09:40:05.901" endtime="20210709 09:40:05.901"/>
</kw>
<kw name="Page Should Contain Element" library="SeleniumLibrary">
<arg>xpath=//*[@id="center_column"]/ul/li/div/div[1]/div/a[1]/img</arg>
<doc>Verifies that element ``locator`` is found on the current page.</doc>
<msg timestamp="20210709 09:40:05.917" level="INFO">Current page contains element 'xpath=//*[@id="center_column"]/ul/li/div/div[1]/div/a[1]/img'.</msg>
<status status="PASS" starttime="20210709 09:40:05.901" endtime="20210709 09:40:05.917"/>
</kw>
<status status="PASS" starttime="20210709 09:40:05.791" endtime="20210709 09:40:05.917"/>
</kw>
<kw name="Fechar navegador" library="Resource" type="TEARDOWN">
<kw name="Close Browser" library="SeleniumLibrary">
<doc>Closes the current browser.</doc>
<status status="PASS" starttime="20210709 09:40:05.932" endtime="20210709 09:40:07.182"/>
</kw>
<status status="PASS" starttime="20210709 09:40:05.931" endtime="20210709 09:40:07.182"/>
</kw>
<status status="PASS" starttime="20210709 09:39:42.272" endtime="20210709 09:40:07.198"/>
</test>
<status status="PASS" starttime="20210709 09:39:41.806" endtime="20210709 09:40:07.201"/>
</suite>
<statistics>
<total>
<stat pass="1" fail="0" skip="0">All Tests</stat>
</total>
<tag>
</tag>
<suite>
<stat pass="1" fail="0" skip="0" id="s1" name="TestSitePratice">TestSitePratice</stat>
</suite>
</statistics>
<errors>
</errors>
</robot>
